<?xml version="1.0" encoding="UTF-8"?>
<!-- Generated by org.testng.reporters.JUnitReportReporter -->
<testsuite skipped="1" hostname="W00PISVDI247" name="testNG.TestCase3" tests="2" failures="0" timestamp="15 Sep 2017 10:53:29 GMT" time="0.002" errors="0">
  <testcase name="doLogin" time="0.001" classname="testNG.TestCase3"/>
  <testcase name="composeEmail" time="0.001" classname="testNG.TestCase3">
    <skipped/>
  </testcase> <!-- composeEmail -->
</testsuite> <!-- testNG.TestCase3 -->
