<?xml version="1.0" encoding="UTF-8"?>
<!-- Generated by org.testng.reporters.JUnitReportReporter -->
<testsuite skipped="0" hostname="W00PISVDI247" name="testNG.Parameterizationwithoutexcel" tests="2" failures="0" timestamp="12 Sep 2017 16:25:13 GMT" time="0.016" errors="0">
  <testcase name="doLogin" time="0.003" classname="testNG.Parameterizationwithoutexcel"/>
  <testcase name="doLogin" time="0.013" classname="testNG.Parameterizationwithoutexcel"/>
</testsuite> <!-- testNG.Parameterizationwithoutexcel -->
