<?xml version="1.0" encoding="UTF-8"?>
<!-- Generated by org.testng.reporters.JUnitReportReporter -->
<testsuite skipped="1" hostname="W00PISVDI247" name="testNG.GmailParameterisation" tests="1" failures="0" timestamp="13 Sep 2017 16:48:01 GMT" time="0.000" errors="0">
  <testcase name="doLogin" time="0.000" classname="testNG.GmailParameterisation">
    <skipped/>
  </testcase> <!-- doLogin -->
</testsuite> <!-- testNG.GmailParameterisation -->
