<?xml version="1.0" encoding="UTF-8"?>
<!-- Generated by org.testng.reporters.JUnitReportReporter -->
<testsuite skipped="0" hostname="W00PISVDI247" name="testNG.ExcelParameterization" tests="4" failures="0" timestamp="14 Sep 2017 03:21:35 GMT" time="0.014" errors="0">
  <testcase name="doLogin" time="0.001" classname="testNG.ExcelParameterization"/>
  <testcase name="doLogin" time="0.001" classname="testNG.ExcelParameterization"/>
  <testcase name="doLogin" time="0.011" classname="testNG.ExcelParameterization"/>
  <testcase name="doLogin" time="0.001" classname="testNG.ExcelParameterization"/>
</testsuite> <!-- testNG.ExcelParameterization -->
