<?xml version="1.0" encoding="UTF-8"?>
<!-- Generated by org.testng.reporters.JUnitReportReporter -->
<testsuite skipped="0" hostname="W00PISVDI247" name="testNG.TestCase1" tests="2" failures="0" timestamp="12 Sep 2017 12:08:21 GMT" time="0.015" errors="0">
  <testcase name="doLogin" time="0.012" classname="testNG.TestCase1"/>
  <testcase name="composeEmail" time="0.003" classname="testNG.TestCase1"/>
</testsuite> <!-- testNG.TestCase1 -->
