<?xml version="1.0" encoding="UTF-8"?>
<!-- Generated by org.testng.reporters.JUnitReportReporter -->
<testsuite skipped="0" hostname="W00PISVDI247" name="testNG.GmailParameterization" tests="3" failures="0" timestamp="14 Sep 2017 03:32:10 GMT" time="11.839" errors="0">
  <testcase name="doLogin" time="2.644" classname="testNG.GmailParameterization"/>
  <testcase name="doLogin" time="3.168" classname="testNG.GmailParameterization"/>
  <testcase name="doLogin" time="6.027" classname="testNG.GmailParameterization"/>
</testsuite> <!-- testNG.GmailParameterization -->
